<?xml version="1.0" encoding="UTF-8"?>
<testsuite name="com.denilsson.kafka.producer.ProducerApplicationTests" tests="1" skipped="0" failures="0" errors="0" timestamp="2023-01-23T01:51:34" hostname="S15-X510UNO" time="0.491">
  <properties/>
  <testcase name="contextLoads()" classname="com.denilsson.kafka.producer.ProducerApplicationTests" time="0.491"/>
  <system-out><![CDATA[20:51:32.848 [Test worker] DEBUG org.springframework.boot.test.context.SpringBootTestContextBootstrapper - Neither @ContextConfiguration nor @ContextHierarchy found for test class [ProducerApplicationTests]: using SpringBootContextLoader
20:51:32.854 [Test worker] DEBUG org.springframework.test.context.support.AbstractContextLoader - Could not detect default resource locations for test class [com.denilsson.kafka.producer.ProducerApplicationTests]: no resource found for suffixes {-context.xml, Context.groovy}.
20:51:32.855 [Test worker] INFO org.springframework.test.context.support.AnnotationConfigContextLoaderUtils - Could not detect default configuration classes for test class [com.denilsson.kafka.producer.ProducerApplicationTests]: ProducerApplicationTests does not declare any static, non-private, non-final, nested classes annotated with @Configuration.
20:51:32.884 [Test worker] DEBUG org.springframework.boot.test.context.SpringBootTestContextBootstrapper - Using ContextCustomizers for test class [ProducerApplicationTests]: [DisableObservabilityContextCustomizer, PropertyMappingContextCustomizer, Customizer, ExcludeFilterContextCustomizer, DuplicateJsonObjectContextCustomizer, MockitoContextCustomizer, TestRestTemplateContextCustomizer]
20:51:32.980 [Test worker] DEBUG org.springframework.context.annotation.ClassPathScanningCandidateComponentProvider - Identified candidate component class: file [/home/denilsson/Denilsson/java-challenger/projects/kafka-example/kafka-producer/build/classes/java/main/com/denilsson/kafka/producer/ProducerApplication.class]
20:51:32.982 [Test worker] INFO org.springframework.boot.test.context.SpringBootTestContextBootstrapper - Found @SpringBootConfiguration com.denilsson.kafka.producer.ProducerApplication for test class com.denilsson.kafka.producer.ProducerApplicationTests
20:51:33.079 [Test worker] DEBUG org.springframework.boot.test.context.SpringBootTestContextBootstrapper - Using TestExecutionListeners for test class [ProducerApplicationTests]: [ServletTestExecutionListener, DirtiesContextBeforeModesTestExecutionListener, ApplicationEventsTestExecutionListener, MockitoTestExecutionListener, DependencyInjectionTestExecutionListener, DirtiesContextTestExecutionListener, TransactionalTestExecutionListener, SqlScriptsTestExecutionListener, EventPublishingTestExecutionListener, RestDocsTestExecutionListener, MockRestServiceServerResetTestExecutionListener, MockMvcPrintOnlyOnFailureTestExecutionListener, WebDriverTestExecutionListener, MockWebServiceServerTestExecutionListener, ResetMocksTestExecutionListener]
20:51:33.081 [Test worker] DEBUG org.springframework.test.context.support.AbstractDirtiesContextTestExecutionListener - Before test class: class [ProducerApplicationTests], class annotated with @DirtiesContext [false] with mode [null]

  .   ____          _            __ _ _
 /\\ / ___'_ __ _ _(_)_ __  __ _ \ \ \ \
( ( )\___ | '_ | '_| | '_ \/ _` | \ \ \ \
 \\/  ___)| |_)| | | | | || (_| |  ) ) ) )
  '  |____| .__|_| |_|_| |_\__, | / / / /
 =========|_|==============|___/=/_/_/_/
 :: Spring Boot ::                (v3.0.2)

2023-01-22T20:51:33.388-05:00  INFO 473084 --- [    Test worker] c.d.k.producer.ProducerApplicationTests  : Starting ProducerApplicationTests using Java 17.0.5 with PID 473084 (started by denilsson in /home/denilsson/Denilsson/java-challenger/projects/kafka-example/kafka-producer)
2023-01-22T20:51:33.392-05:00  INFO 473084 --- [    Test worker] c.d.k.producer.ProducerApplicationTests  : No active profile set, falling back to 1 default profile: "default"
2023-01-22T20:51:34.899-05:00  INFO 473084 --- [    Test worker] c.d.k.producer.ProducerApplicationTests  : Started ProducerApplicationTests in 1.758 seconds (process running for 2.904)
]]></system-out>
  <system-err><![CDATA[]]></system-err>
</testsuite>
